/!\ FAILSAFE /!\  Fri Apr 08 00:11:16 +0400 2011
  Status: 500 Internal Server Error
  uninitialized constant MysqlCompat::MysqlRes
    /Users/MichaelKostekchuk/.rvm/gems/ruby-1.8.7-p302@rails2310/gems/activesupport-2.3.10/lib/active_support/dependencies.rb:466:in `load_missing_constant'
    /Users/MichaelKostekchuk/.rvm/gems/ruby-1.8.7-p302@rails2310/gems/activesupport-2.3.10/lib/active_support/dependencies.rb:106:in `const_missing'
    /Users/MichaelKostekchuk/.rvm/gems/ruby-1.8.7-p302@rails2310/gems/activerecord-2.3.10/lib/active_record/connection_adapters/mysql_adapter.rb:9:in `define_all_hashes_method!'
    /Users/MichaelKostekchuk/.rvm/gems/ruby-1.8.7-p302@rails2310/gems/activerecord-2.3.10/lib/active_record/connection_adapters/mysql_adapter.rb:68:in `mysql_connection'
    /Users/MichaelKostekchuk/.rvm/gems/ruby-1.8.7-p302@rails2310/gems/activerecord-2.3.10/lib/active_record/connection_adapters/abstract/connection_pool.rb:223:in `send'
    /Users/MichaelKostekchuk/.rvm/gems/ruby-1.8.7-p302@rails2310/gems/activerecord-2.3.10/lib/active_record/connection_adapters/abstract/connection_pool.rb:223:in `new_connection'
    /Users/MichaelKostekchuk/.rvm/gems/ruby-1.8.7-p302@rails2310/gems/activerecord-2.3.10/lib/active_record/connection_adapters/abstract/connection_pool.rb:245:in `checkout_new_connection'
    /Users/MichaelKostekchuk/.rvm/gems/ruby-1.8.7-p302@rails2310/gems/activerecord-2.3.10/lib/active_record/connection_adapters/abstract/connection_pool.rb:188:in `checkout'
    /Users/MichaelKostekchuk/.rvm/gems/ruby-1.8.7-p302@rails2310/gems/activerecord-2.3.10/lib/active_record/connection_adapters/abstract/connection_pool.rb:184:in `loop'
    /Users/MichaelKostekchuk/.rvm/gems/ruby-1.8.7-p302@rails2310/gems/activerecord-2.3.10/lib/active_record/connection_adapters/abstract/connection_pool.rb:184:in `checkout'
    /Users/MichaelKostekchuk/.rvm/rubies/ruby-1.8.7-p302/lib/ruby/1.8/monitor.rb:242:in `synchronize'
    /Users/MichaelKostekchuk/.rvm/gems/ruby-1.8.7-p302@rails2310/gems/activerecord-2.3.10/lib/active_record/connection_adapters/abstract/connection_pool.rb:183:in `checkout'
    /Users/MichaelKostekchuk/.rvm/gems/ruby-1.8.7-p302@rails2310/gems/activerecord-2.3.10/lib/active_record/connection_adapters/abstract/connection_pool.rb:98:in `connection'
    /Users/MichaelKostekchuk/.rvm/gems/ruby-1.8.7-p302@rails2310/gems/activerecord-2.3.10/lib/active_record/connection_adapters/abstract/connection_pool.rb:326:in `retrieve_connection'
    /Users/MichaelKostekchuk/.rvm/gems/ruby-1.8.7-p302@rails2310/gems/activerecord-2.3.10/lib/active_record/connection_adapters/abstract/connection_specification.rb:123:in `retrieve_connection'
    /Users/MichaelKostekchuk/.rvm/gems/ruby-1.8.7-p302@rails2310/gems/activerecord-2.3.10/lib/active_record/connection_adapters/abstract/connection_specification.rb:115:in `connection'
    /Users/MichaelKostekchuk/.rvm/gems/ruby-1.8.7-p302@rails2310/gems/activerecord-2.3.10/lib/active_record/query_cache.rb:9:in `cache'
    /Users/MichaelKostekchuk/.rvm/gems/ruby-1.8.7-p302@rails2310/gems/activerecord-2.3.10/lib/active_record/query_cache.rb:28:in `call'
    /Users/MichaelKostekchuk/.rvm/gems/ruby-1.8.7-p302@rails2310/gems/activerecord-2.3.10/lib/active_record/connection_adapters/abstract/connection_pool.rb:361:in `call'
    /Users/MichaelKostekchuk/.rvm/gems/ruby-1.8.7-p302@rails2310/gems/actionpack-2.3.10/lib/action_controller/string_coercion.rb:25:in `call'
    /Users/MichaelKostekchuk/.rvm/gems/ruby-1.8.7-p302@rails2310/gems/rack-1.1.2/lib/rack/head.rb:9:in `call'
    /Users/MichaelKostekchuk/.rvm/gems/ruby-1.8.7-p302@rails2310/gems/rack-1.1.2/lib/rack/methodoverride.rb:24:in `call'
    /Users/MichaelKostekchuk/.rvm/gems/ruby-1.8.7-p302@rails2310/gems/actionpack-2.3.10/lib/action_controller/params_parser.rb:15:in `call'
    /Users/MichaelKostekchuk/.rvm/gems/ruby-1.8.7-p302@rails2310/gems/actionpack-2.3.10/lib/action_controller/session/cookie_store.rb:100:in `call'
    /Users/MichaelKostekchuk/.rvm/gems/ruby-1.8.7-p302@rails2310/gems/actionpack-2.3.10/lib/action_controller/failsafe.rb:26:in `call'
    /Users/MichaelKostekchuk/.rvm/gems/ruby-1.8.7-p302@rails2310/gems/rack-1.1.2/lib/rack/lock.rb:11:in `call'
    /Users/MichaelKostekchuk/.rvm/gems/ruby-1.8.7-p302@rails2310/gems/rack-1.1.2/lib/rack/lock.rb:11:in `synchronize'
    /Users/MichaelKostekchuk/.rvm/gems/ruby-1.8.7-p302@rails2310/gems/rack-1.1.2/lib/rack/lock.rb:11:in `call'
    /Users/MichaelKostekchuk/.rvm/gems/ruby-1.8.7-p302@rails2310/gems/actionpack-2.3.10/lib/action_controller/dispatcher.rb:114:in `call'
    /Users/MichaelKostekchuk/.rvm/gems/ruby-1.8.7-p302@rails2310/gems/actionpack-2.3.10/lib/action_controller/reloader.rb:34:in `run'
    /Users/MichaelKostekchuk/.rvm/gems/ruby-1.8.7-p302@rails2310/gems/actionpack-2.3.10/lib/action_controller/dispatcher.rb:108:in `call'
    /Users/MichaelKostekchuk/.rvm/gems/ruby-1.8.7-p302@rails2310/gems/rails-2.3.10/lib/rails/rack/static.rb:31:in `call'
    /Users/MichaelKostekchuk/.rvm/gems/ruby-1.8.7-p302@rails2310/gems/rack-1.1.2/lib/rack/urlmap.rb:47:in `call'
    /Users/MichaelKostekchuk/.rvm/gems/ruby-1.8.7-p302@rails2310/gems/rack-1.1.2/lib/rack/urlmap.rb:41:in `each'
    /Users/MichaelKostekchuk/.rvm/gems/ruby-1.8.7-p302@rails2310/gems/rack-1.1.2/lib/rack/urlmap.rb:41:in `call'
    /Users/MichaelKostekchuk/.rvm/gems/ruby-1.8.7-p302@rails2310/gems/rails-2.3.10/lib/rails/rack/log_tailer.rb:17:in `call'
    /Users/MichaelKostekchuk/.rvm/gems/ruby-1.8.7-p302@rails2310/gems/rack-1.1.2/lib/rack/content_length.rb:13:in `call'
    /Users/MichaelKostekchuk/.rvm/gems/ruby-1.8.7-p302@rails2310/gems/rack-1.1.2/lib/rack/handler/webrick.rb:48:in `service'
    /Users/MichaelKostekchuk/.rvm/rubies/ruby-1.8.7-p302/lib/ruby/1.8/webrick/httpserver.rb:104:in `service'
    /Users/MichaelKostekchuk/.rvm/rubies/ruby-1.8.7-p302/lib/ruby/1.8/webrick/httpserver.rb:65:in `run'
    /Users/MichaelKostekchuk/.rvm/rubies/ruby-1.8.7-p302/lib/ruby/1.8/webrick/server.rb:173:in `start_thread'
    /Users/MichaelKostekchuk/.rvm/rubies/ruby-1.8.7-p302/lib/ruby/1.8/webrick/server.rb:162:in `start'
    /Users/MichaelKostekchuk/.rvm/rubies/ruby-1.8.7-p302/lib/ruby/1.8/webrick/server.rb:162:in `start_thread'
    /Users/MichaelKostekchuk/.rvm/rubies/ruby-1.8.7-p302/lib/ruby/1.8/webrick/server.rb:95:in `start'
    /Users/MichaelKostekchuk/.rvm/rubies/ruby-1.8.7-p302/lib/ruby/1.8/webrick/server.rb:92:in `each'
    /Users/MichaelKostekchuk/.rvm/rubies/ruby-1.8.7-p302/lib/ruby/1.8/webrick/server.rb:92:in `start'
    /Users/MichaelKostekchuk/.rvm/rubies/ruby-1.8.7-p302/lib/ruby/1.8/webrick/server.rb:23:in `start'
    /Users/MichaelKostekchuk/.rvm/rubies/ruby-1.8.7-p302/lib/ruby/1.8/webrick/server.rb:82:in `start'
    /Users/MichaelKostekchuk/.rvm/gems/ruby-1.8.7-p302@rails2310/gems/rack-1.1.2/lib/rack/handler/webrick.rb:14:in `run'
    /Users/MichaelKostekchuk/.rvm/gems/ruby-1.8.7-p302@rails2310/gems/rails-2.3.10/lib/commands/server.rb:111
    /Users/MichaelKostekchuk/.rvm/rubies/ruby-1.8.7-p302/lib/ruby/site_ruby/1.8/rubygems/custom_require.rb:31:in `gem_original_require'
    /Users/MichaelKostekchuk/.rvm/rubies/ruby-1.8.7-p302/lib/ruby/site_ruby/1.8/rubygems/custom_require.rb:31:in `require'
    ./script/server:3
/!\ FAILSAFE /!\  Fri Apr 08 00:12:06 +0400 2011
  Status: 500 Internal Server Error
  uninitialized constant MysqlCompat::MysqlRes
    /Users/MichaelKostekchuk/.rvm/gems/ruby-1.8.7-p302@rails2310/gems/activesupport-2.3.10/lib/active_support/dependencies.rb:466:in `load_missing_constant'
    /Users/MichaelKostekchuk/.rvm/gems/ruby-1.8.7-p302@rails2310/gems/activesupport-2.3.10/lib/active_support/dependencies.rb:106:in `const_missing'
    /Users/MichaelKostekchuk/.rvm/gems/ruby-1.8.7-p302@rails2310/gems/activerecord-2.3.10/lib/active_record/connection_adapters/mysql_adapter.rb:9:in `define_all_hashes_method!'
    /Users/MichaelKostekchuk/.rvm/gems/ruby-1.8.7-p302@rails2310/gems/activerecord-2.3.10/lib/active_record/connection_adapters/mysql_adapter.rb:68:in `mysql_connection'
    /Users/MichaelKostekchuk/.rvm/gems/ruby-1.8.7-p302@rails2310/gems/activerecord-2.3.10/lib/active_record/connection_adapters/abstract/connection_pool.rb:223:in `send'
    /Users/MichaelKostekchuk/.rvm/gems/ruby-1.8.7-p302@rails2310/gems/activerecord-2.3.10/lib/active_record/connection_adapters/abstract/connection_pool.rb:223:in `new_connection'
    /Users/MichaelKostekchuk/.rvm/gems/ruby-1.8.7-p302@rails2310/gems/activerecord-2.3.10/lib/active_record/connection_adapters/abstract/connection_pool.rb:245:in `checkout_new_connection'
    /Users/MichaelKostekchuk/.rvm/gems/ruby-1.8.7-p302@rails2310/gems/activerecord-2.3.10/lib/active_record/connection_adapters/abstract/connection_pool.rb:188:in `checkout'
    /Users/MichaelKostekchuk/.rvm/gems/ruby-1.8.7-p302@rails2310/gems/activerecord-2.3.10/lib/active_record/connection_adapters/abstract/connection_pool.rb:184:in `loop'
    /Users/MichaelKostekchuk/.rvm/gems/ruby-1.8.7-p302@rails2310/gems/activerecord-2.3.10/lib/active_record/connection_adapters/abstract/connection_pool.rb:184:in `checkout'
    /Users/MichaelKostekchuk/.rvm/rubies/ruby-1.8.7-p302/lib/ruby/1.8/monitor.rb:242:in `synchronize'
    /Users/MichaelKostekchuk/.rvm/gems/ruby-1.8.7-p302@rails2310/gems/activerecord-2.3.10/lib/active_record/connection_adapters/abstract/connection_pool.rb:183:in `checkout'
    /Users/MichaelKostekchuk/.rvm/gems/ruby-1.8.7-p302@rails2310/gems/activerecord-2.3.10/lib/active_record/connection_adapters/abstract/connection_pool.rb:98:in `connection'
    /Users/MichaelKostekchuk/.rvm/gems/ruby-1.8.7-p302@rails2310/gems/activerecord-2.3.10/lib/active_record/connection_adapters/abstract/connection_pool.rb:326:in `retrieve_connection'
    /Users/MichaelKostekchuk/.rvm/gems/ruby-1.8.7-p302@rails2310/gems/activerecord-2.3.10/lib/active_record/connection_adapters/abstract/connection_specification.rb:123:in `retrieve_connection'
    /Users/MichaelKostekchuk/.rvm/gems/ruby-1.8.7-p302@rails2310/gems/activerecord-2.3.10/lib/active_record/connection_adapters/abstract/connection_specification.rb:115:in `connection'
    /Users/MichaelKostekchuk/.rvm/gems/ruby-1.8.7-p302@rails2310/gems/activerecord-2.3.10/lib/active_record/query_cache.rb:9:in `cache'
    /Users/MichaelKostekchuk/.rvm/gems/ruby-1.8.7-p302@rails2310/gems/activerecord-2.3.10/lib/active_record/query_cache.rb:28:in `call'
    /Users/MichaelKostekchuk/.rvm/gems/ruby-1.8.7-p302@rails2310/gems/activerecord-2.3.10/lib/active_record/connection_adapters/abstract/connection_pool.rb:361:in `call'
    /Users/MichaelKostekchuk/.rvm/gems/ruby-1.8.7-p302@rails2310/gems/actionpack-2.3.10/lib/action_controller/string_coercion.rb:25:in `call'
    /Users/MichaelKostekchuk/.rvm/gems/ruby-1.8.7-p302@rails2310/gems/rack-1.1.2/lib/rack/head.rb:9:in `call'
    /Users/MichaelKostekchuk/.rvm/gems/ruby-1.8.7-p302@rails2310/gems/rack-1.1.2/lib/rack/methodoverride.rb:24:in `call'
    /Users/MichaelKostekchuk/.rvm/gems/ruby-1.8.7-p302@rails2310/gems/actionpack-2.3.10/lib/action_controller/params_parser.rb:15:in `call'
    /Users/MichaelKostekchuk/.rvm/gems/ruby-1.8.7-p302@rails2310/gems/actionpack-2.3.10/lib/action_controller/session/cookie_store.rb:100:in `call'
    /Users/MichaelKostekchuk/.rvm/gems/ruby-1.8.7-p302@rails2310/gems/actionpack-2.3.10/lib/action_controller/failsafe.rb:26:in `call'
    /Users/MichaelKostekchuk/.rvm/gems/ruby-1.8.7-p302@rails2310/gems/rack-1.1.2/lib/rack/lock.rb:11:in `call'
    /Users/MichaelKostekchuk/.rvm/gems/ruby-1.8.7-p302@rails2310/gems/rack-1.1.2/lib/rack/lock.rb:11:in `synchronize'
    /Users/MichaelKostekchuk/.rvm/gems/ruby-1.8.7-p302@rails2310/gems/rack-1.1.2/lib/rack/lock.rb:11:in `call'
    /Users/MichaelKostekchuk/.rvm/gems/ruby-1.8.7-p302@rails2310/gems/actionpack-2.3.10/lib/action_controller/dispatcher.rb:114:in `call'
    /Users/MichaelKostekchuk/.rvm/gems/ruby-1.8.7-p302@rails2310/gems/actionpack-2.3.10/lib/action_controller/reloader.rb:34:in `run'
    /Users/MichaelKostekchuk/.rvm/gems/ruby-1.8.7-p302@rails2310/gems/actionpack-2.3.10/lib/action_controller/dispatcher.rb:108:in `call'
    /Users/MichaelKostekchuk/.rvm/gems/ruby-1.8.7-p302@rails2310/gems/rails-2.3.10/lib/rails/rack/static.rb:31:in `call'
    /Users/MichaelKostekchuk/.rvm/gems/ruby-1.8.7-p302@rails2310/gems/rack-1.1.2/lib/rack/urlmap.rb:47:in `call'
    /Users/MichaelKostekchuk/.rvm/gems/ruby-1.8.7-p302@rails2310/gems/rack-1.1.2/lib/rack/urlmap.rb:41:in `each'
    /Users/MichaelKostekchuk/.rvm/gems/ruby-1.8.7-p302@rails2310/gems/rack-1.1.2/lib/rack/urlmap.rb:41:in `call'
    /Users/MichaelKostekchuk/.rvm/gems/ruby-1.8.7-p302@rails2310/gems/rails-2.3.10/lib/rails/rack/log_tailer.rb:17:in `call'
    /Users/MichaelKostekchuk/.rvm/gems/ruby-1.8.7-p302@rails2310/gems/rack-1.1.2/lib/rack/content_length.rb:13:in `call'
    /Users/MichaelKostekchuk/.rvm/gems/ruby-1.8.7-p302@rails2310/gems/rack-1.1.2/lib/rack/handler/webrick.rb:48:in `service'
    /Users/MichaelKostekchuk/.rvm/rubies/ruby-1.8.7-p302/lib/ruby/1.8/webrick/httpserver.rb:104:in `service'
    /Users/MichaelKostekchuk/.rvm/rubies/ruby-1.8.7-p302/lib/ruby/1.8/webrick/httpserver.rb:65:in `run'
    /Users/MichaelKostekchuk/.rvm/rubies/ruby-1.8.7-p302/lib/ruby/1.8/webrick/server.rb:173:in `start_thread'
    /Users/MichaelKostekchuk/.rvm/rubies/ruby-1.8.7-p302/lib/ruby/1.8/webrick/server.rb:162:in `start'
    /Users/MichaelKostekchuk/.rvm/rubies/ruby-1.8.7-p302/lib/ruby/1.8/webrick/server.rb:162:in `start_thread'
    /Users/MichaelKostekchuk/.rvm/rubies/ruby-1.8.7-p302/lib/ruby/1.8/webrick/server.rb:95:in `start'
    /Users/MichaelKostekchuk/.rvm/rubies/ruby-1.8.7-p302/lib/ruby/1.8/webrick/server.rb:92:in `each'
    /Users/MichaelKostekchuk/.rvm/rubies/ruby-1.8.7-p302/lib/ruby/1.8/webrick/server.rb:92:in `start'
    /Users/MichaelKostekchuk/.rvm/rubies/ruby-1.8.7-p302/lib/ruby/1.8/webrick/server.rb:23:in `start'
    /Users/MichaelKostekchuk/.rvm/rubies/ruby-1.8.7-p302/lib/ruby/1.8/webrick/server.rb:82:in `start'
    /Users/MichaelKostekchuk/.rvm/gems/ruby-1.8.7-p302@rails2310/gems/rack-1.1.2/lib/rack/handler/webrick.rb:14:in `run'
    /Users/MichaelKostekchuk/.rvm/gems/ruby-1.8.7-p302@rails2310/gems/rails-2.3.10/lib/commands/server.rb:111
    /Users/MichaelKostekchuk/.rvm/rubies/ruby-1.8.7-p302/lib/ruby/site_ruby/1.8/rubygems/custom_require.rb:31:in `gem_original_require'
    /Users/MichaelKostekchuk/.rvm/rubies/ruby-1.8.7-p302/lib/ruby/site_ruby/1.8/rubygems/custom_require.rb:31:in `require'
    ./script/server:3
/!\ FAILSAFE /!\  Fri Apr 08 00:12:16 +0400 2011
  Status: 500 Internal Server Error
  no such file to load -- sqlite3
    /Users/MichaelKostekchuk/.rvm/rubies/ruby-1.8.7-p302/lib/ruby/site_ruby/1.8/rubygems/custom_require.rb:31:in `gem_original_require'
    /Users/MichaelKostekchuk/.rvm/rubies/ruby-1.8.7-p302/lib/ruby/site_ruby/1.8/rubygems/custom_require.rb:31:in `require'
    /Users/MichaelKostekchuk/.rvm/gems/ruby-1.8.7-p302@rails2310/gems/activesupport-2.3.10/lib/active_support/dependencies.rb:182:in `require'
    /Users/MichaelKostekchuk/.rvm/gems/ruby-1.8.7-p302@rails2310/gems/activesupport-2.3.10/lib/active_support/dependencies.rb:547:in `new_constants_in'
    /Users/MichaelKostekchuk/.rvm/gems/ruby-1.8.7-p302@rails2310/gems/activesupport-2.3.10/lib/active_support/dependencies.rb:182:in `require'
    /Users/MichaelKostekchuk/.rvm/gems/ruby-1.8.7-p302@rails2310/gems/activesupport-2.3.10/lib/active_support/core_ext/kernel/requires.rb:7:in `require_library_or_gem'
    /Users/MichaelKostekchuk/.rvm/gems/ruby-1.8.7-p302@rails2310/gems/activesupport-2.3.10/lib/active_support/core_ext/kernel/reporting.rb:11:in `silence_warnings'
    /Users/MichaelKostekchuk/.rvm/gems/ruby-1.8.7-p302@rails2310/gems/activesupport-2.3.10/lib/active_support/core_ext/kernel/requires.rb:5:in `require_library_or_gem'
    /Users/MichaelKostekchuk/.rvm/gems/ruby-1.8.7-p302@rails2310/gems/activerecord-2.3.10/lib/active_record/connection_adapters/sqlite3_adapter.rb:10:in `sqlite3_connection'
    /Users/MichaelKostekchuk/.rvm/gems/ruby-1.8.7-p302@rails2310/gems/activerecord-2.3.10/lib/active_record/connection_adapters/abstract/connection_pool.rb:223:in `send'
    /Users/MichaelKostekchuk/.rvm/gems/ruby-1.8.7-p302@rails2310/gems/activerecord-2.3.10/lib/active_record/connection_adapters/abstract/connection_pool.rb:223:in `new_connection'
    /Users/MichaelKostekchuk/.rvm/gems/ruby-1.8.7-p302@rails2310/gems/activerecord-2.3.10/lib/active_record/connection_adapters/abstract/connection_pool.rb:245:in `checkout_new_connection'
    /Users/MichaelKostekchuk/.rvm/gems/ruby-1.8.7-p302@rails2310/gems/activerecord-2.3.10/lib/active_record/connection_adapters/abstract/connection_pool.rb:188:in `checkout'
    /Users/MichaelKostekchuk/.rvm/gems/ruby-1.8.7-p302@rails2310/gems/activerecord-2.3.10/lib/active_record/connection_adapters/abstract/connection_pool.rb:184:in `loop'
    /Users/MichaelKostekchuk/.rvm/gems/ruby-1.8.7-p302@rails2310/gems/activerecord-2.3.10/lib/active_record/connection_adapters/abstract/connection_pool.rb:184:in `checkout'
    /Users/MichaelKostekchuk/.rvm/rubies/ruby-1.8.7-p302/lib/ruby/1.8/monitor.rb:242:in `synchronize'
    /Users/MichaelKostekchuk/.rvm/gems/ruby-1.8.7-p302@rails2310/gems/activerecord-2.3.10/lib/active_record/connection_adapters/abstract/connection_pool.rb:183:in `checkout'
    /Users/MichaelKostekchuk/.rvm/gems/ruby-1.8.7-p302@rails2310/gems/activerecord-2.3.10/lib/active_record/connection_adapters/abstract/connection_pool.rb:98:in `connection'
    /Users/MichaelKostekchuk/.rvm/gems/ruby-1.8.7-p302@rails2310/gems/activerecord-2.3.10/lib/active_record/connection_adapters/abstract/connection_pool.rb:326:in `retrieve_connection'
    /Users/MichaelKostekchuk/.rvm/gems/ruby-1.8.7-p302@rails2310/gems/activerecord-2.3.10/lib/active_record/connection_adapters/abstract/connection_specification.rb:123:in `retrieve_connection'
    /Users/MichaelKostekchuk/.rvm/gems/ruby-1.8.7-p302@rails2310/gems/activerecord-2.3.10/lib/active_record/connection_adapters/abstract/connection_specification.rb:115:in `connection'
    /Users/MichaelKostekchuk/.rvm/gems/ruby-1.8.7-p302@rails2310/gems/activerecord-2.3.10/lib/active_record/query_cache.rb:9:in `cache'
    /Users/MichaelKostekchuk/.rvm/gems/ruby-1.8.7-p302@rails2310/gems/activerecord-2.3.10/lib/active_record/query_cache.rb:28:in `call'
    /Users/MichaelKostekchuk/.rvm/gems/ruby-1.8.7-p302@rails2310/gems/activerecord-2.3.10/lib/active_record/connection_adapters/abstract/connection_pool.rb:361:in `call'
    /Users/MichaelKostekchuk/.rvm/gems/ruby-1.8.7-p302@rails2310/gems/actionpack-2.3.10/lib/action_controller/string_coercion.rb:25:in `call'
    /Users/MichaelKostekchuk/.rvm/gems/ruby-1.8.7-p302@rails2310/gems/rack-1.1.2/lib/rack/head.rb:9:in `call'
    /Users/MichaelKostekchuk/.rvm/gems/ruby-1.8.7-p302@rails2310/gems/rack-1.1.2/lib/rack/methodoverride.rb:24:in `call'
    /Users/MichaelKostekchuk/.rvm/gems/ruby-1.8.7-p302@rails2310/gems/actionpack-2.3.10/lib/action_controller/params_parser.rb:15:in `call'
    /Users/MichaelKostekchuk/.rvm/gems/ruby-1.8.7-p302@rails2310/gems/actionpack-2.3.10/lib/action_controller/session/cookie_store.rb:100:in `call'
    /Users/MichaelKostekchuk/.rvm/gems/ruby-1.8.7-p302@rails2310/gems/actionpack-2.3.10/lib/action_controller/failsafe.rb:26:in `call'
    /Users/MichaelKostekchuk/.rvm/gems/ruby-1.8.7-p302@rails2310/gems/rack-1.1.2/lib/rack/lock.rb:11:in `call'
    /Users/MichaelKostekchuk/.rvm/gems/ruby-1.8.7-p302@rails2310/gems/rack-1.1.2/lib/rack/lock.rb:11:in `synchronize'
    /Users/MichaelKostekchuk/.rvm/gems/ruby-1.8.7-p302@rails2310/gems/rack-1.1.2/lib/rack/lock.rb:11:in `call'
    /Users/MichaelKostekchuk/.rvm/gems/ruby-1.8.7-p302@rails2310/gems/actionpack-2.3.10/lib/action_controller/dispatcher.rb:114:in `call'
    /Users/MichaelKostekchuk/.rvm/gems/ruby-1.8.7-p302@rails2310/gems/actionpack-2.3.10/lib/action_controller/reloader.rb:34:in `run'
    /Users/MichaelKostekchuk/.rvm/gems/ruby-1.8.7-p302@rails2310/gems/actionpack-2.3.10/lib/action_controller/dispatcher.rb:108:in `call'
    /Users/MichaelKostekchuk/.rvm/gems/ruby-1.8.7-p302@rails2310/gems/rails-2.3.10/lib/rails/rack/static.rb:31:in `call'
    /Users/MichaelKostekchuk/.rvm/gems/ruby-1.8.7-p302@rails2310/gems/rack-1.1.2/lib/rack/urlmap.rb:47:in `call'
    /Users/MichaelKostekchuk/.rvm/gems/ruby-1.8.7-p302@rails2310/gems/rack-1.1.2/lib/rack/urlmap.rb:41:in `each'
    /Users/MichaelKostekchuk/.rvm/gems/ruby-1.8.7-p302@rails2310/gems/rack-1.1.2/lib/rack/urlmap.rb:41:in `call'
    /Users/MichaelKostekchuk/.rvm/gems/ruby-1.8.7-p302@rails2310/gems/rails-2.3.10/lib/rails/rack/log_tailer.rb:17:in `call'
    /Users/MichaelKostekchuk/.rvm/gems/ruby-1.8.7-p302@rails2310/gems/rack-1.1.2/lib/rack/content_length.rb:13:in `call'
    /Users/MichaelKostekchuk/.rvm/gems/ruby-1.8.7-p302@rails2310/gems/rack-1.1.2/lib/rack/handler/webrick.rb:48:in `service'
    /Users/MichaelKostekchuk/.rvm/rubies/ruby-1.8.7-p302/lib/ruby/1.8/webrick/httpserver.rb:104:in `service'
    /Users/MichaelKostekchuk/.rvm/rubies/ruby-1.8.7-p302/lib/ruby/1.8/webrick/httpserver.rb:65:in `run'
    /Users/MichaelKostekchuk/.rvm/rubies/ruby-1.8.7-p302/lib/ruby/1.8/webrick/server.rb:173:in `start_thread'
    /Users/MichaelKostekchuk/.rvm/rubies/ruby-1.8.7-p302/lib/ruby/1.8/webrick/server.rb:162:in `start'
    /Users/MichaelKostekchuk/.rvm/rubies/ruby-1.8.7-p302/lib/ruby/1.8/webrick/server.rb:162:in `start_thread'
    /Users/MichaelKostekchuk/.rvm/rubies/ruby-1.8.7-p302/lib/ruby/1.8/webrick/server.rb:95:in `start'
    /Users/MichaelKostekchuk/.rvm/rubies/ruby-1.8.7-p302/lib/ruby/1.8/webrick/server.rb:92:in `each'
    /Users/MichaelKostekchuk/.rvm/rubies/ruby-1.8.7-p302/lib/ruby/1.8/webrick/server.rb:92:in `start'
    /Users/MichaelKostekchuk/.rvm/rubies/ruby-1.8.7-p302/lib/ruby/1.8/webrick/server.rb:23:in `start'
    /Users/MichaelKostekchuk/.rvm/rubies/ruby-1.8.7-p302/lib/ruby/1.8/webrick/server.rb:82:in `start'
    /Users/MichaelKostekchuk/.rvm/gems/ruby-1.8.7-p302@rails2310/gems/rack-1.1.2/lib/rack/handler/webrick.rb:14:in `run'
    /Users/MichaelKostekchuk/.rvm/gems/ruby-1.8.7-p302@rails2310/gems/rails-2.3.10/lib/commands/server.rb:111
    /Users/MichaelKostekchuk/.rvm/rubies/ruby-1.8.7-p302/lib/ruby/site_ruby/1.8/rubygems/custom_require.rb:31:in `gem_original_require'
    /Users/MichaelKostekchuk/.rvm/rubies/ruby-1.8.7-p302/lib/ruby/site_ruby/1.8/rubygems/custom_require.rb:31:in `require'
    ./script/server:3
/!\ FAILSAFE /!\  Fri Apr 08 00:13:55 +0400 2011
  Status: 500 Internal Server Error
  dlopen(/Users/MichaelKostekchuk/.rvm/gems/ruby-1.8.7-p302@rails2310/gems/sqlite3-1.3.3/lib/sqlite3/sqlite3_native.bundle, 9): no suitable image found.  Did find:
	/Users/MichaelKostekchuk/.rvm/gems/ruby-1.8.7-p302@rails2310/gems/sqlite3-1.3.3/lib/sqlite3/sqlite3_native.bundle: mach-o, but wrong architecture - /Users/MichaelKostekchuk/.rvm/gems/ruby-1.8.7-p302@rails2310/gems/sqlite3-1.3.3/lib/sqlite3/sqlite3_native.bundle
    /Users/MichaelKostekchuk/.rvm/gems/ruby-1.8.7-p302@rails2310/gems/sqlite3-1.3.3/lib/sqlite3/sqlite3_native.bundle
    /Users/MichaelKostekchuk/.rvm/rubies/ruby-1.8.7-p302/lib/ruby/site_ruby/1.8/rubygems/custom_require.rb:31:in `require'
    /Users/MichaelKostekchuk/.rvm/gems/ruby-1.8.7-p302@rails2310/gems/activesupport-2.3.10/lib/active_support/dependencies.rb:182:in `require'
    /Users/MichaelKostekchuk/.rvm/gems/ruby-1.8.7-p302@rails2310/gems/activesupport-2.3.10/lib/active_support/dependencies.rb:547:in `new_constants_in'
    /Users/MichaelKostekchuk/.rvm/gems/ruby-1.8.7-p302@rails2310/gems/activesupport-2.3.10/lib/active_support/dependencies.rb:182:in `require'
    /Users/MichaelKostekchuk/.rvm/gems/ruby-1.8.7-p302@rails2310/gems/sqlite3-1.3.3/lib/sqlite3.rb:6
    /Users/MichaelKostekchuk/.rvm/rubies/ruby-1.8.7-p302/lib/ruby/site_ruby/1.8/rubygems/custom_require.rb:36:in `gem_original_require'
    /Users/MichaelKostekchuk/.rvm/rubies/ruby-1.8.7-p302/lib/ruby/site_ruby/1.8/rubygems/custom_require.rb:36:in `require'
    /Users/MichaelKostekchuk/.rvm/gems/ruby-1.8.7-p302@rails2310/gems/activesupport-2.3.10/lib/active_support/dependencies.rb:182:in `require'
    /Users/MichaelKostekchuk/.rvm/gems/ruby-1.8.7-p302@rails2310/gems/activesupport-2.3.10/lib/active_support/dependencies.rb:547:in `new_constants_in'
    /Users/MichaelKostekchuk/.rvm/gems/ruby-1.8.7-p302@rails2310/gems/activesupport-2.3.10/lib/active_support/dependencies.rb:182:in `require'
    /Users/MichaelKostekchuk/.rvm/gems/ruby-1.8.7-p302@rails2310/gems/activesupport-2.3.10/lib/active_support/core_ext/kernel/requires.rb:7:in `require_library_or_gem'
    /Users/MichaelKostekchuk/.rvm/gems/ruby-1.8.7-p302@rails2310/gems/activesupport-2.3.10/lib/active_support/core_ext/kernel/reporting.rb:11:in `silence_warnings'
    /Users/MichaelKostekchuk/.rvm/gems/ruby-1.8.7-p302@rails2310/gems/activesupport-2.3.10/lib/active_support/core_ext/kernel/requires.rb:5:in `require_library_or_gem'
    /Users/MichaelKostekchuk/.rvm/gems/ruby-1.8.7-p302@rails2310/gems/activerecord-2.3.10/lib/active_record/connection_adapters/sqlite3_adapter.rb:10:in `sqlite3_connection'
    /Users/MichaelKostekchuk/.rvm/gems/ruby-1.8.7-p302@rails2310/gems/activerecord-2.3.10/lib/active_record/connection_adapters/abstract/connection_pool.rb:223:in `send'
    /Users/MichaelKostekchuk/.rvm/gems/ruby-1.8.7-p302@rails2310/gems/activerecord-2.3.10/lib/active_record/connection_adapters/abstract/connection_pool.rb:223:in `new_connection'
    /Users/MichaelKostekchuk/.rvm/gems/ruby-1.8.7-p302@rails2310/gems/activerecord-2.3.10/lib/active_record/connection_adapters/abstract/connection_pool.rb:245:in `checkout_new_connection'
    /Users/MichaelKostekchuk/.rvm/gems/ruby-1.8.7-p302@rails2310/gems/activerecord-2.3.10/lib/active_record/connection_adapters/abstract/connection_pool.rb:188:in `checkout'
    /Users/MichaelKostekchuk/.rvm/gems/ruby-1.8.7-p302@rails2310/gems/activerecord-2.3.10/lib/active_record/connection_adapters/abstract/connection_pool.rb:184:in `loop'
    /Users/MichaelKostekchuk/.rvm/gems/ruby-1.8.7-p302@rails2310/gems/activerecord-2.3.10/lib/active_record/connection_adapters/abstract/connection_pool.rb:184:in `checkout'
    /Users/MichaelKostekchuk/.rvm/rubies/ruby-1.8.7-p302/lib/ruby/1.8/monitor.rb:242:in `synchronize'
    /Users/MichaelKostekchuk/.rvm/gems/ruby-1.8.7-p302@rails2310/gems/activerecord-2.3.10/lib/active_record/connection_adapters/abstract/connection_pool.rb:183:in `checkout'
    /Users/MichaelKostekchuk/.rvm/gems/ruby-1.8.7-p302@rails2310/gems/activerecord-2.3.10/lib/active_record/connection_adapters/abstract/connection_pool.rb:98:in `connection'
    /Users/MichaelKostekchuk/.rvm/gems/ruby-1.8.7-p302@rails2310/gems/activerecord-2.3.10/lib/active_record/connection_adapters/abstract/connection_pool.rb:326:in `retrieve_connection'
    /Users/MichaelKostekchuk/.rvm/gems/ruby-1.8.7-p302@rails2310/gems/activerecord-2.3.10/lib/active_record/connection_adapters/abstract/connection_specification.rb:123:in `retrieve_connection'
    /Users/MichaelKostekchuk/.rvm/gems/ruby-1.8.7-p302@rails2310/gems/activerecord-2.3.10/lib/active_record/connection_adapters/abstract/connection_specification.rb:115:in `connection'
    /Users/MichaelKostekchuk/.rvm/gems/ruby-1.8.7-p302@rails2310/gems/activerecord-2.3.10/lib/active_record/query_cache.rb:9:in `cache'
    /Users/MichaelKostekchuk/.rvm/gems/ruby-1.8.7-p302@rails2310/gems/activerecord-2.3.10/lib/active_record/query_cache.rb:28:in `call'
    /Users/MichaelKostekchuk/.rvm/gems/ruby-1.8.7-p302@rails2310/gems/activerecord-2.3.10/lib/active_record/connection_adapters/abstract/connection_pool.rb:361:in `call'
    /Users/MichaelKostekchuk/.rvm/gems/ruby-1.8.7-p302@rails2310/gems/actionpack-2.3.10/lib/action_controller/string_coercion.rb:25:in `call'
    /Users/MichaelKostekchuk/.rvm/gems/ruby-1.8.7-p302@rails2310/gems/rack-1.1.2/lib/rack/head.rb:9:in `call'
    /Users/MichaelKostekchuk/.rvm/gems/ruby-1.8.7-p302@rails2310/gems/rack-1.1.2/lib/rack/methodoverride.rb:24:in `call'
    /Users/MichaelKostekchuk/.rvm/gems/ruby-1.8.7-p302@rails2310/gems/actionpack-2.3.10/lib/action_controller/params_parser.rb:15:in `call'
    /Users/MichaelKostekchuk/.rvm/gems/ruby-1.8.7-p302@rails2310/gems/actionpack-2.3.10/lib/action_controller/session/cookie_store.rb:100:in `call'
    /Users/MichaelKostekchuk/.rvm/gems/ruby-1.8.7-p302@rails2310/gems/actionpack-2.3.10/lib/action_controller/failsafe.rb:26:in `call'
    /Users/MichaelKostekchuk/.rvm/gems/ruby-1.8.7-p302@rails2310/gems/rack-1.1.2/lib/rack/lock.rb:11:in `call'
    /Users/MichaelKostekchuk/.rvm/gems/ruby-1.8.7-p302@rails2310/gems/rack-1.1.2/lib/rack/lock.rb:11:in `synchronize'
    /Users/MichaelKostekchuk/.rvm/gems/ruby-1.8.7-p302@rails2310/gems/rack-1.1.2/lib/rack/lock.rb:11:in `call'
    /Users/MichaelKostekchuk/.rvm/gems/ruby-1.8.7-p302@rails2310/gems/actionpack-2.3.10/lib/action_controller/dispatcher.rb:114:in `call'
    /Users/MichaelKostekchuk/.rvm/gems/ruby-1.8.7-p302@rails2310/gems/actionpack-2.3.10/lib/action_controller/reloader.rb:34:in `run'
    /Users/MichaelKostekchuk/.rvm/gems/ruby-1.8.7-p302@rails2310/gems/actionpack-2.3.10/lib/action_controller/dispatcher.rb:108:in `call'
    /Users/MichaelKostekchuk/.rvm/gems/ruby-1.8.7-p302@rails2310/gems/rails-2.3.10/lib/rails/rack/static.rb:31:in `call'
    /Users/MichaelKostekchuk/.rvm/gems/ruby-1.8.7-p302@rails2310/gems/rack-1.1.2/lib/rack/urlmap.rb:47:in `call'
    /Users/MichaelKostekchuk/.rvm/gems/ruby-1.8.7-p302@rails2310/gems/rack-1.1.2/lib/rack/urlmap.rb:41:in `each'
    /Users/MichaelKostekchuk/.rvm/gems/ruby-1.8.7-p302@rails2310/gems/rack-1.1.2/lib/rack/urlmap.rb:41:in `call'
    /Users/MichaelKostekchuk/.rvm/gems/ruby-1.8.7-p302@rails2310/gems/rails-2.3.10/lib/rails/rack/log_tailer.rb:17:in `call'
    /Users/MichaelKostekchuk/.rvm/gems/ruby-1.8.7-p302@rails2310/gems/rack-1.1.2/lib/rack/content_length.rb:13:in `call'
    /Users/MichaelKostekchuk/.rvm/gems/ruby-1.8.7-p302@rails2310/gems/rack-1.1.2/lib/rack/handler/webrick.rb:48:in `service'
    /Users/MichaelKostekchuk/.rvm/rubies/ruby-1.8.7-p302/lib/ruby/1.8/webrick/httpserver.rb:104:in `service'
    /Users/MichaelKostekchuk/.rvm/rubies/ruby-1.8.7-p302/lib/ruby/1.8/webrick/httpserver.rb:65:in `run'
    /Users/MichaelKostekchuk/.rvm/rubies/ruby-1.8.7-p302/lib/ruby/1.8/webrick/server.rb:173:in `start_thread'
    /Users/MichaelKostekchuk/.rvm/rubies/ruby-1.8.7-p302/lib/ruby/1.8/webrick/server.rb:162:in `start'
    /Users/MichaelKostekchuk/.rvm/rubies/ruby-1.8.7-p302/lib/ruby/1.8/webrick/server.rb:162:in `start_thread'
    /Users/MichaelKostekchuk/.rvm/rubies/ruby-1.8.7-p302/lib/ruby/1.8/webrick/server.rb:95:in `start'
    /Users/MichaelKostekchuk/.rvm/rubies/ruby-1.8.7-p302/lib/ruby/1.8/webrick/server.rb:92:in `each'
    /Users/MichaelKostekchuk/.rvm/rubies/ruby-1.8.7-p302/lib/ruby/1.8/webrick/server.rb:92:in `start'
    /Users/MichaelKostekchuk/.rvm/rubies/ruby-1.8.7-p302/lib/ruby/1.8/webrick/server.rb:23:in `start'
    /Users/MichaelKostekchuk/.rvm/rubies/ruby-1.8.7-p302/lib/ruby/1.8/webrick/server.rb:82:in `start'
    /Users/MichaelKostekchuk/.rvm/gems/ruby-1.8.7-p302@rails2310/gems/rack-1.1.2/lib/rack/handler/webrick.rb:14:in `run'
    /Users/MichaelKostekchuk/.rvm/gems/ruby-1.8.7-p302@rails2310/gems/rails-2.3.10/lib/commands/server.rb:111
    /Users/MichaelKostekchuk/.rvm/rubies/ruby-1.8.7-p302/lib/ruby/site_ruby/1.8/rubygems/custom_require.rb:31:in `gem_original_require'
    /Users/MichaelKostekchuk/.rvm/rubies/ruby-1.8.7-p302/lib/ruby/site_ruby/1.8/rubygems/custom_require.rb:31:in `require'
    ./script/server:3
/!\ FAILSAFE /!\  Fri Apr 08 00:13:58 +0400 2011
  Status: 500 Internal Server Error
  dlopen(/Users/MichaelKostekchuk/.rvm/gems/ruby-1.8.7-p302@rails2310/gems/sqlite3-1.3.3/lib/sqlite3/sqlite3_native.bundle, 9): no suitable image found.  Did find:
	/Users/MichaelKostekchuk/.rvm/gems/ruby-1.8.7-p302@rails2310/gems/sqlite3-1.3.3/lib/sqlite3/sqlite3_native.bundle: mach-o, but wrong architecture - /Users/MichaelKostekchuk/.rvm/gems/ruby-1.8.7-p302@rails2310/gems/sqlite3-1.3.3/lib/sqlite3/sqlite3_native.bundle
    /Users/MichaelKostekchuk/.rvm/gems/ruby-1.8.7-p302@rails2310/gems/sqlite3-1.3.3/lib/sqlite3/sqlite3_native.bundle
    /Users/MichaelKostekchuk/.rvm/rubies/ruby-1.8.7-p302/lib/ruby/site_ruby/1.8/rubygems/custom_require.rb:31:in `require'
    /Users/MichaelKostekchuk/.rvm/gems/ruby-1.8.7-p302@rails2310/gems/activesupport-2.3.10/lib/active_support/dependencies.rb:182:in `require'
    /Users/MichaelKostekchuk/.rvm/gems/ruby-1.8.7-p302@rails2310/gems/activesupport-2.3.10/lib/active_support/dependencies.rb:547:in `new_constants_in'
    /Users/MichaelKostekchuk/.rvm/gems/ruby-1.8.7-p302@rails2310/gems/activesupport-2.3.10/lib/active_support/dependencies.rb:182:in `require'
    /Users/MichaelKostekchuk/.rvm/gems/ruby-1.8.7-p302@rails2310/gems/sqlite3-1.3.3/lib/sqlite3.rb:6
    /Users/MichaelKostekchuk/.rvm/rubies/ruby-1.8.7-p302/lib/ruby/site_ruby/1.8/rubygems/custom_require.rb:31:in `gem_original_require'
    /Users/MichaelKostekchuk/.rvm/rubies/ruby-1.8.7-p302/lib/ruby/site_ruby/1.8/rubygems/custom_require.rb:31:in `require'
    /Users/MichaelKostekchuk/.rvm/gems/ruby-1.8.7-p302@rails2310/gems/activesupport-2.3.10/lib/active_support/dependencies.rb:182:in `require'
    /Users/MichaelKostekchuk/.rvm/gems/ruby-1.8.7-p302@rails2310/gems/activesupport-2.3.10/lib/active_support/dependencies.rb:547:in `new_constants_in'
    /Users/MichaelKostekchuk/.rvm/gems/ruby-1.8.7-p302@rails2310/gems/activesupport-2.3.10/lib/active_support/dependencies.rb:182:in `require'
    /Users/MichaelKostekchuk/.rvm/gems/ruby-1.8.7-p302@rails2310/gems/activesupport-2.3.10/lib/active_support/core_ext/kernel/requires.rb:7:in `require_library_or_gem'
    /Users/MichaelKostekchuk/.rvm/gems/ruby-1.8.7-p302@rails2310/gems/activesupport-2.3.10/lib/active_support/core_ext/kernel/reporting.rb:11:in `silence_warnings'
    /Users/MichaelKostekchuk/.rvm/gems/ruby-1.8.7-p302@rails2310/gems/activesupport-2.3.10/lib/active_support/core_ext/kernel/requires.rb:5:in `require_library_or_gem'
    /Users/MichaelKostekchuk/.rvm/gems/ruby-1.8.7-p302@rails2310/gems/activerecord-2.3.10/lib/active_record/connection_adapters/sqlite3_adapter.rb:10:in `sqlite3_connection'
    /Users/MichaelKostekchuk/.rvm/gems/ruby-1.8.7-p302@rails2310/gems/activerecord-2.3.10/lib/active_record/connection_adapters/abstract/connection_pool.rb:223:in `send'
    /Users/MichaelKostekchuk/.rvm/gems/ruby-1.8.7-p302@rails2310/gems/activerecord-2.3.10/lib/active_record/connection_adapters/abstract/connection_pool.rb:223:in `new_connection'
    /Users/MichaelKostekchuk/.rvm/gems/ruby-1.8.7-p302@rails2310/gems/activerecord-2.3.10/lib/active_record/connection_adapters/abstract/connection_pool.rb:245:in `checkout_new_connection'
    /Users/MichaelKostekchuk/.rvm/gems/ruby-1.8.7-p302@rails2310/gems/activerecord-2.3.10/lib/active_record/connection_adapters/abstract/connection_pool.rb:188:in `checkout'
    /Users/MichaelKostekchuk/.rvm/gems/ruby-1.8.7-p302@rails2310/gems/activerecord-2.3.10/lib/active_record/connection_adapters/abstract/connection_pool.rb:184:in `loop'
    /Users/MichaelKostekchuk/.rvm/gems/ruby-1.8.7-p302@rails2310/gems/activerecord-2.3.10/lib/active_record/connection_adapters/abstract/connection_pool.rb:184:in `checkout'
    /Users/MichaelKostekchuk/.rvm/rubies/ruby-1.8.7-p302/lib/ruby/1.8/monitor.rb:242:in `synchronize'
    /Users/MichaelKostekchuk/.rvm/gems/ruby-1.8.7-p302@rails2310/gems/activerecord-2.3.10/lib/active_record/connection_adapters/abstract/connection_pool.rb:183:in `checkout'
    /Users/MichaelKostekchuk/.rvm/gems/ruby-1.8.7-p302@rails2310/gems/activerecord-2.3.10/lib/active_record/connection_adapters/abstract/connection_pool.rb:98:in `connection'
    /Users/MichaelKostekchuk/.rvm/gems/ruby-1.8.7-p302@rails2310/gems/activerecord-2.3.10/lib/active_record/connection_adapters/abstract/connection_pool.rb:326:in `retrieve_connection'
    /Users/MichaelKostekchuk/.rvm/gems/ruby-1.8.7-p302@rails2310/gems/activerecord-2.3.10/lib/active_record/connection_adapters/abstract/connection_specification.rb:123:in `retrieve_connection'
    /Users/MichaelKostekchuk/.rvm/gems/ruby-1.8.7-p302@rails2310/gems/activerecord-2.3.10/lib/active_record/connection_adapters/abstract/connection_specification.rb:115:in `connection'
    /Users/MichaelKostekchuk/.rvm/gems/ruby-1.8.7-p302@rails2310/gems/activerecord-2.3.10/lib/active_record/query_cache.rb:9:in `cache'
    /Users/MichaelKostekchuk/.rvm/gems/ruby-1.8.7-p302@rails2310/gems/activerecord-2.3.10/lib/active_record/query_cache.rb:28:in `call'
    /Users/MichaelKostekchuk/.rvm/gems/ruby-1.8.7-p302@rails2310/gems/activerecord-2.3.10/lib/active_record/connection_adapters/abstract/connection_pool.rb:361:in `call'
    /Users/MichaelKostekchuk/.rvm/gems/ruby-1.8.7-p302@rails2310/gems/actionpack-2.3.10/lib/action_controller/string_coercion.rb:25:in `call'
    /Users/MichaelKostekchuk/.rvm/gems/ruby-1.8.7-p302@rails2310/gems/rack-1.1.2/lib/rack/head.rb:9:in `call'
    /Users/MichaelKostekchuk/.rvm/gems/ruby-1.8.7-p302@rails2310/gems/rack-1.1.2/lib/rack/methodoverride.rb:24:in `call'
    /Users/MichaelKostekchuk/.rvm/gems/ruby-1.8.7-p302@rails2310/gems/actionpack-2.3.10/lib/action_controller/params_parser.rb:15:in `call'
    /Users/MichaelKostekchuk/.rvm/gems/ruby-1.8.7-p302@rails2310/gems/actionpack-2.3.10/lib/action_controller/session/cookie_store.rb:100:in `call'
    /Users/MichaelKostekchuk/.rvm/gems/ruby-1.8.7-p302@rails2310/gems/actionpack-2.3.10/lib/action_controller/failsafe.rb:26:in `call'
    /Users/MichaelKostekchuk/.rvm/gems/ruby-1.8.7-p302@rails2310/gems/rack-1.1.2/lib/rack/lock.rb:11:in `call'
    /Users/MichaelKostekchuk/.rvm/gems/ruby-1.8.7-p302@rails2310/gems/rack-1.1.2/lib/rack/lock.rb:11:in `synchronize'
    /Users/MichaelKostekchuk/.rvm/gems/ruby-1.8.7-p302@rails2310/gems/rack-1.1.2/lib/rack/lock.rb:11:in `call'
    /Users/MichaelKostekchuk/.rvm/gems/ruby-1.8.7-p302@rails2310/gems/actionpack-2.3.10/lib/action_controller/dispatcher.rb:114:in `call'
    /Users/MichaelKostekchuk/.rvm/gems/ruby-1.8.7-p302@rails2310/gems/actionpack-2.3.10/lib/action_controller/reloader.rb:34:in `run'
    /Users/MichaelKostekchuk/.rvm/gems/ruby-1.8.7-p302@rails2310/gems/actionpack-2.3.10/lib/action_controller/dispatcher.rb:108:in `call'
    /Users/MichaelKostekchuk/.rvm/gems/ruby-1.8.7-p302@rails2310/gems/rails-2.3.10/lib/rails/rack/static.rb:31:in `call'
    /Users/MichaelKostekchuk/.rvm/gems/ruby-1.8.7-p302@rails2310/gems/rack-1.1.2/lib/rack/urlmap.rb:47:in `call'
    /Users/MichaelKostekchuk/.rvm/gems/ruby-1.8.7-p302@rails2310/gems/rack-1.1.2/lib/rack/urlmap.rb:41:in `each'
    /Users/MichaelKostekchuk/.rvm/gems/ruby-1.8.7-p302@rails2310/gems/rack-1.1.2/lib/rack/urlmap.rb:41:in `call'
    /Users/MichaelKostekchuk/.rvm/gems/ruby-1.8.7-p302@rails2310/gems/rails-2.3.10/lib/rails/rack/log_tailer.rb:17:in `call'
    /Users/MichaelKostekchuk/.rvm/gems/ruby-1.8.7-p302@rails2310/gems/rack-1.1.2/lib/rack/content_length.rb:13:in `call'
    /Users/MichaelKostekchuk/.rvm/gems/ruby-1.8.7-p302@rails2310/gems/rack-1.1.2/lib/rack/handler/webrick.rb:48:in `service'
    /Users/MichaelKostekchuk/.rvm/rubies/ruby-1.8.7-p302/lib/ruby/1.8/webrick/httpserver.rb:104:in `service'
    /Users/MichaelKostekchuk/.rvm/rubies/ruby-1.8.7-p302/lib/ruby/1.8/webrick/httpserver.rb:65:in `run'
    /Users/MichaelKostekchuk/.rvm/rubies/ruby-1.8.7-p302/lib/ruby/1.8/webrick/server.rb:173:in `start_thread'
    /Users/MichaelKostekchuk/.rvm/rubies/ruby-1.8.7-p302/lib/ruby/1.8/webrick/server.rb:162:in `start'
    /Users/MichaelKostekchuk/.rvm/rubies/ruby-1.8.7-p302/lib/ruby/1.8/webrick/server.rb:162:in `start_thread'
    /Users/MichaelKostekchuk/.rvm/rubies/ruby-1.8.7-p302/lib/ruby/1.8/webrick/server.rb:95:in `start'
    /Users/MichaelKostekchuk/.rvm/rubies/ruby-1.8.7-p302/lib/ruby/1.8/webrick/server.rb:92:in `each'
    /Users/MichaelKostekchuk/.rvm/rubies/ruby-1.8.7-p302/lib/ruby/1.8/webrick/server.rb:92:in `start'
    /Users/MichaelKostekchuk/.rvm/rubies/ruby-1.8.7-p302/lib/ruby/1.8/webrick/server.rb:23:in `start'
    /Users/MichaelKostekchuk/.rvm/rubies/ruby-1.8.7-p302/lib/ruby/1.8/webrick/server.rb:82:in `start'
    /Users/MichaelKostekchuk/.rvm/gems/ruby-1.8.7-p302@rails2310/gems/rack-1.1.2/lib/rack/handler/webrick.rb:14:in `run'
    /Users/MichaelKostekchuk/.rvm/gems/ruby-1.8.7-p302@rails2310/gems/rails-2.3.10/lib/commands/server.rb:111
    /Users/MichaelKostekchuk/.rvm/rubies/ruby-1.8.7-p302/lib/ruby/site_ruby/1.8/rubygems/custom_require.rb:31:in `gem_original_require'
    /Users/MichaelKostekchuk/.rvm/rubies/ruby-1.8.7-p302/lib/ruby/site_ruby/1.8/rubygems/custom_require.rb:31:in `require'
    ./script/server:3


Processing MainController#index (for 127.0.0.1 at 2011-04-08 00:18:11) [GET]
Rendering template within layouts/application
Rendering main/index
Completed in 24ms (View: 23, DB: 0) | 200 OK [http://localhost/]


Processing MainController#index (for 127.0.0.1 at 2011-04-08 00:19:02) [GET]
Rendering template within layouts/application
Rendering main/index
Completed in 18ms (View: 17, DB: 0) | 200 OK [http://localhost/]


Processing MainController#cases to js (for 127.0.0.1 at 2011-04-08 00:19:05) [GET]
Rendering main/cases
Rendered main/_result (4.8ms)
Rendered main/_result (0.0ms)
Completed in 42ms (View: 41, DB: 0) | 200 OK [http://localhost/main/cases(.js)]


Processing MainController#cases to js (for 127.0.0.1 at 2011-04-08 00:20:19) [GET]
Rendering main/cases
Rendered main/_result (0.0ms)
Rendered main/_result (0.0ms)
Completed in 2ms (View: 1, DB: 0) | 200 OK [http://localhost/main/cases(.js)]


Processing MainController#index (for 127.0.0.1 at 2011-04-08 00:20:21) [GET]
Rendering template within layouts/application
Rendering main/index
Completed in 3ms (View: 2, DB: 0) | 200 OK [http://localhost/]


Processing MainController#index (for 127.0.0.1 at 2011-04-08 00:20:22) [GET]
Rendering template within layouts/application
Rendering main/index
Completed in 3ms (View: 2, DB: 0) | 200 OK [http://localhost/]


Processing MainController#cases to js (for 127.0.0.1 at 2011-04-08 00:20:23) [GET]
Rendering main/cases
Rendered main/_result (0.1ms)
Rendered main/_result (0.0ms)
Completed in 3ms (View: 1, DB: 0) | 200 OK [http://localhost/main/cases(.js)]


Processing MainController#index (for 127.0.0.1 at 2011-04-08 00:21:27) [GET]
Rendering template within layouts/application
Rendering main/index
Completed in 3ms (View: 2, DB: 0) | 200 OK [http://localhost/]


Processing MainController#index (for 127.0.0.1 at 2011-04-08 00:21:30) [GET]
Rendering template within layouts/application
Rendering main/index
Completed in 3ms (View: 2, DB: 0) | 200 OK [http://localhost/]


Processing MainController#index (for 127.0.0.1 at 2011-04-08 00:22:50) [GET]
Rendering template within layouts/application
Rendering main/index

ActionView::TemplateError (undefined method `each' for "/main/cases(.js)":ActiveSupport::SafeBuffer) on line #6 of app/views/main/index.html.erb:
3: Towns(r): <input type="text" id="towns" class="input" />
4: 
5: <br>
6: Cases: <div class="input input_div"> <span class='dotted'><%= link_to_remote "Выберите вариант", cases_path(:format => :js), :class => 'none', :id => 'cases_link'%></span></div>
7: <br>
8: <div id="cases" class="results cases" style="display:none; position: absolute">
9:   <div class='corner'></div>

    app/views/main/index.html.erb:6
    <internal:prelude>:10:in `synchronize'
    /Users/MichaelKostekchuk/.rvm/rubies/ruby-1.9.2-p0/lib/ruby/1.9.1/webrick/httpserver.rb:111:in `service'
    /Users/MichaelKostekchuk/.rvm/rubies/ruby-1.9.2-p0/lib/ruby/1.9.1/webrick/httpserver.rb:70:in `run'
    /Users/MichaelKostekchuk/.rvm/rubies/ruby-1.9.2-p0/lib/ruby/1.9.1/webrick/server.rb:183:in `block in start_thread'

Rendered rescues/_trace (18.8ms)
Rendered rescues/_request_and_response (1.0ms)
Rendering rescues/layout (internal_server_error)


Processing MainController#index (for 127.0.0.1 at 2011-04-08 00:23:14) [GET]
Rendering template within layouts/application
Rendering main/index

ActionView::TemplateError (cases_url failed to generate from {:controller=>"main", :action=>"cases"} - you may have ambiguous routes, or you may need to supply additional parameters for this route.  content_url has the following required parameters: ["main", "cases(", :format, ")"] - are they all satisfied?) on line #6 of app/views/main/index.html.erb:
3: Towns(r): <input type="text" id="towns" class="input" />
4: 
5: <br>
6: Cases: <div class="input input_div"> <span class='dotted'><%= link_to_remote "Выберите вариант", cases_path, :class => 'none', :id => 'cases_link'%></span></div>
7: <br>
8: <div id="cases" class="results cases" style="display:none; position: absolute">
9:   <div class='corner'></div>

    (eval):21:in `cases_path'
    app/views/main/index.html.erb:6
    <internal:prelude>:10:in `synchronize'
    /Users/MichaelKostekchuk/.rvm/rubies/ruby-1.9.2-p0/lib/ruby/1.9.1/webrick/httpserver.rb:111:in `service'
    /Users/MichaelKostekchuk/.rvm/rubies/ruby-1.9.2-p0/lib/ruby/1.9.1/webrick/httpserver.rb:70:in `run'
    /Users/MichaelKostekchuk/.rvm/rubies/ruby-1.9.2-p0/lib/ruby/1.9.1/webrick/server.rb:183:in `block in start_thread'

Rendered rescues/_trace (19.0ms)
Rendered rescues/_request_and_response (0.2ms)
Rendering rescues/layout (internal_server_error)


Processing MainController#index (for 127.0.0.1 at 2011-04-08 00:23:21) [GET]
Rendering template within layouts/application
Rendering main/index

ActionView::TemplateError (undefined method `each' for "/main/cases(.js)":ActiveSupport::SafeBuffer) on line #6 of app/views/main/index.html.erb:
3: Towns(r): <input type="text" id="towns" class="input" />
4: 
5: <br>
6: Cases: <div class="input input_div"> <span class='dotted'><%= link_to_remote "Выберите вариант", cases_path(:format => :js), :class => 'none', :id => 'cases_link'%></span></div>
7: <br>
8: <div id="cases" class="results cases" style="display:none; position: absolute">
9:   <div class='corner'></div>

    app/views/main/index.html.erb:6
    <internal:prelude>:10:in `synchronize'
    /Users/MichaelKostekchuk/.rvm/rubies/ruby-1.9.2-p0/lib/ruby/1.9.1/webrick/httpserver.rb:111:in `service'
    /Users/MichaelKostekchuk/.rvm/rubies/ruby-1.9.2-p0/lib/ruby/1.9.1/webrick/httpserver.rb:70:in `run'
    /Users/MichaelKostekchuk/.rvm/rubies/ruby-1.9.2-p0/lib/ruby/1.9.1/webrick/server.rb:183:in `block in start_thread'

Rendered rescues/_trace (16.7ms)
Rendered rescues/_request_and_response (0.2ms)
Rendering rescues/layout (internal_server_error)


Processing MainController#index (for 127.0.0.1 at 2011-04-08 00:24:16) [GET]
Rendering template within layouts/application
Rendering main/index

ActionView::TemplateError (undefined method `each' for "/main/cases":String) on line #6 of app/views/main/index.html.erb:
3: Towns(r): <input type="text" id="towns" class="input" />
4: 
5: <br>
6: Cases: <div class="input input_div"> <span class='dotted'><%= link_to_remote "Выберите вариант", cases_path, :class => 'none', :id => 'cases_link'%></span></div>
7: <br>
8: <div id="cases" class="results cases" style="display:none; position: absolute">
9:   <div class='corner'></div>

    app/views/main/index.html.erb:6
    <internal:prelude>:10:in `synchronize'
    /Users/MichaelKostekchuk/.rvm/rubies/ruby-1.9.2-p0/lib/ruby/1.9.1/webrick/httpserver.rb:111:in `service'
    /Users/MichaelKostekchuk/.rvm/rubies/ruby-1.9.2-p0/lib/ruby/1.9.1/webrick/httpserver.rb:70:in `run'
    /Users/MichaelKostekchuk/.rvm/rubies/ruby-1.9.2-p0/lib/ruby/1.9.1/webrick/server.rb:183:in `block in start_thread'

Rendered rescues/_trace (16.7ms)
Rendered rescues/_request_and_response (0.3ms)
Rendering rescues/layout (internal_server_error)


Processing MainController#index (for 127.0.0.1 at 2011-04-08 00:25:09) [GET]
Rendering template within layouts/application
Rendering main/index
Completed in 43ms (View: 42, DB: 0) | 200 OK [http://localhost/]


Processing MainController#index (for 127.0.0.1 at 2011-04-08 00:27:48) [GET]
Rendering template within layouts/application
Rendering main/index
Completed in 3ms (View: 2, DB: 0) | 200 OK [http://localhost/]


Processing ApplicationController#index (for 127.0.0.1 at 2011-04-08 00:33:00) [GET]

ActionController::RoutingError (No route matches "/javascripts/1302195131" with {:method=>:get}):
  <internal:prelude>:10:in `synchronize'
  /Users/MichaelKostekchuk/.rvm/rubies/ruby-1.9.2-p0/lib/ruby/1.9.1/webrick/httpserver.rb:111:in `service'
  /Users/MichaelKostekchuk/.rvm/rubies/ruby-1.9.2-p0/lib/ruby/1.9.1/webrick/httpserver.rb:70:in `run'
  /Users/MichaelKostekchuk/.rvm/rubies/ruby-1.9.2-p0/lib/ruby/1.9.1/webrick/server.rb:183:in `block in start_thread'

Rendering rescues/layout (not_found)


Processing MainController#index (for 127.0.0.1 at 2011-04-08 00:33:18) [GET]
Rendering template within layouts/application
Rendering main/index
Completed in 34ms (View: 33, DB: 0) | 200 OK [http://localhost/]


Processing MainController#index (for 127.0.0.1 at 2011-04-08 00:34:17) [GET]
Rendering template within layouts/application
Rendering main/index
Completed in 3ms (View: 2, DB: 0) | 200 OK [http://localhost/]


Processing ApplicationController#index (for 127.0.0.1 at 2011-04-08 00:34:18) [GET]

ActionController::RoutingError (No route matches "/javascripts/rails.js" with {:method=>:get}):
  <internal:prelude>:10:in `synchronize'
  /Users/MichaelKostekchuk/.rvm/rubies/ruby-1.9.2-p0/lib/ruby/1.9.1/webrick/httpserver.rb:111:in `service'
  /Users/MichaelKostekchuk/.rvm/rubies/ruby-1.9.2-p0/lib/ruby/1.9.1/webrick/httpserver.rb:70:in `run'
  /Users/MichaelKostekchuk/.rvm/rubies/ruby-1.9.2-p0/lib/ruby/1.9.1/webrick/server.rb:183:in `block in start_thread'

Rendering rescues/layout (not_found)


Processing MainController#index (for 127.0.0.1 at 2011-04-08 00:34:34) [GET]
Rendering template within layouts/application
Rendering main/index
Completed in 9ms (View: 8, DB: 0) | 200 OK [http://localhost/]


Processing MainController#classifier (for 127.0.0.1 at 2011-04-08 00:35:27) [POST]
  Parameters: {"authenticity_token"=>"pUt4c4IDigd1BVC5UFDdLOrxijywFukdB66hzpB8p6Y=", "_"=>""}
Rendering main/classifier
Rendered main/_group (2.8ms)
Rendered main/_group (0.0ms)
Completed in 192ms (View: 191, DB: 0) | 200 OK [http://localhost/main/classifier]


Processing MainController#cases (for 127.0.0.1 at 2011-04-08 00:35:29) [POST]
  Parameters: {"authenticity_token"=>"pUt4c4IDigd1BVC5UFDdLOrxijywFukdB66hzpB8p6Y=", "_"=>""}
Rendering main/cases
Rendered main/_result (0.0ms)
Rendered main/_result (0.0ms)
Completed in 2ms (View: 1, DB: 0) | 200 OK [http://localhost/main/cases]
